  Using 'git status' to determine working set for adaptive non-unity build (D:\UE4_Curs\Tankogeddon).
  Building TankogeddonEditor...
  Using Visual Studio 2019 14.29.30141 toolchain (D:\Program Files (x86)\Microsoft Visual Studio\2019\Community\VC\Tools\MSVC\14.29.30133) and Windows 10.0.18362.0 SDK (C:\Program Files (x86)\Windows Kits\10).
  Distributing 4 actions to XGE
  --------------------Build System Warning---------------------------------------
  License is invalid:
      License information is invalid. Please try reloading your license file using the Coordinator Monitor application on the Coordinator machine, or reinstall IncrediBuild.
      This build will run in standalone mode.
  
  -------------------------------------------------------------------------------
  --------------------Project: Default-------------------------------------------
  Turrel.cpp (0:02.29 at +0:00)
  UE4Editor-Tankogeddon.dll (0:00.78 at +0:02)
     Создается библиотека D:\UE4_Curs\Tankogeddon\Tankogeddon\Intermediate\Build\Win64\UE4Editor\Development\Tankogeddon\UE4Editor-Tankogeddon.suppressed.lib и объект D:\UE4_Curs\Tankogeddon\Tankogeddon\Intermediate\Build\Win64\UE4Editor\Development\Tankogeddon\UE4Editor-Tankogeddon.suppressed.exp
  UE4Editor-Tankogeddon.lib (0:00.18 at +0:03)
     Создается библиотека D:\UE4_Curs\Tankogeddon\Tankogeddon\Intermediate\Build\Win64\UE4Editor\Development\Tankogeddon\UE4Editor-Tankogeddon.lib и объект D:\UE4_Curs\Tankogeddon\Tankogeddon\Intermediate\Build\Win64\UE4Editor\Development\Tankogeddon\UE4Editor-Tankogeddon.exp
  TankogeddonEditor.target (0:00.26 at +0:03)
  ---------------------- Done ----------------------
  
      Rebuild All: 1 succeeded, 0 failed, 0 skipped
  
  1 build system warning(s):
     - License is invalid
  
  Total time in XGE executor: 3,78 seconds
  Total execution time: 4,41 seconds
